<?xml version="1.0" encoding="UTF-8"?>
<testsuite name="com.facu.restfake.MayaFakeApiTests" tests="1" skipped="0" failures="0" errors="0" timestamp="2023-10-04T20:33:48" hostname="CAYDE-6" time="0.486">
  <properties/>
  <testcase name="contextLoads()" classname="com.facu.restfake.MayaFakeApiTests" time="0.486"/>
  <system-out><![CDATA[17:33:43.990 [Test worker] INFO org.springframework.test.context.support.AnnotationConfigContextLoaderUtils -- Could not detect default configuration classes for test class [com.facu.restfake.MayaFakeApiTests]: MayaFakeApiTests does not declare any static, non-private, non-final, nested classes annotated with @Configuration.
17:33:44.116 [Test worker] INFO org.springframework.boot.test.context.SpringBootTestContextBootstrapper -- Found @SpringBootConfiguration com.facu.restfake.MayaFakeApi for test class com.facu.restfake.MayaFakeApiTests

  .   ____          _            __ _ _
 /\\ / ___'_ __ _ _(_)_ __  __ _ \ \ \ \
( ( )\___ | '_ | '_| | '_ \/ _` | \ \ \ \
 \\/  ___)| |_)| | | | | || (_| |  ) ) ) )
  '  |____| .__|_| |_|_| |_\__, | / / / /
 =========|_|==============|___/=/_/_/_/
 :: Spring Boot ::                (v3.1.3)

2023-10-04T17:33:44.520-03:00  INFO 12004 --- [    Test worker] com.facu.restfake.MayaFakeApiTests       : Starting MayaFakeApiTests using Java 17.0.8 with PID 12004 (started by Facundo in D:\UTN\3-Tercer año\Desarrollo de Software\tpMayaFakeApi\MayaFakeApi)
2023-10-04T17:33:44.522-03:00  INFO 12004 --- [    Test worker] com.facu.restfake.MayaFakeApiTests       : No active profile set, falling back to 1 default profile: "default"
2023-10-04T17:33:45.321-03:00  INFO 12004 --- [    Test worker] .s.d.r.c.RepositoryConfigurationDelegate : Bootstrapping Spring Data JPA repositories in DEFAULT mode.
2023-10-04T17:33:45.451-03:00  INFO 12004 --- [    Test worker] .s.d.r.c.RepositoryConfigurationDelegate : Finished Spring Data repository scanning in 116 ms. Found 5 JPA repository interfaces.
2023-10-04T17:33:45.946-03:00  INFO 12004 --- [    Test worker] o.hibernate.jpa.internal.util.LogHelper  : HHH000204: Processing PersistenceUnitInfo [name: default]
2023-10-04T17:33:46.004-03:00  INFO 12004 --- [    Test worker] org.hibernate.Version                    : HHH000412: Hibernate ORM core version 6.2.7.Final
2023-10-04T17:33:46.007-03:00  INFO 12004 --- [    Test worker] org.hibernate.cfg.Environment            : HHH000406: Using bytecode reflection optimizer
2023-10-04T17:33:46.139-03:00  INFO 12004 --- [    Test worker] o.h.b.i.BytecodeProviderInitiator        : HHH000021: Bytecode provider name : bytebuddy
2023-10-04T17:33:46.276-03:00  INFO 12004 --- [    Test worker] o.s.o.j.p.SpringPersistenceUnitInfo      : No LoadTimeWeaver setup: ignoring JPA class transformer
2023-10-04T17:33:46.297-03:00  INFO 12004 --- [    Test worker] com.zaxxer.hikari.HikariDataSource       : HikariPool-1 - Starting...
2023-10-04T17:33:46.476-03:00  INFO 12004 --- [    Test worker] com.zaxxer.hikari.pool.HikariPool        : HikariPool-1 - Added connection conn0: url=jdbc:h2:mem:./facudb user=SA
2023-10-04T17:33:46.478-03:00  INFO 12004 --- [    Test worker] com.zaxxer.hikari.HikariDataSource       : HikariPool-1 - Start completed.
2023-10-04T17:33:46.742-03:00  INFO 12004 --- [    Test worker] o.h.b.i.BytecodeProviderInitiator        : HHH000021: Bytecode provider name : bytebuddy
2023-10-04T17:33:47.309-03:00  INFO 12004 --- [    Test worker] o.h.e.t.j.p.i.JtaPlatformInitiator       : HHH000490: Using JtaPlatform implementation: [org.hibernate.engine.transaction.jta.platform.internal.NoJtaPlatform]
Hibernate: create table autor (id bigint generated by default as identity, apellido varchar(255), biografia varchar(255), nombre varchar(255), primary key (id))
Hibernate: create table domicilio (id bigint generated by default as identity, calle varchar(255), numero integer not null, localidad_id bigint, primary key (id))
Hibernate: create table libro (id bigint generated by default as identity, fecha integer not null, genero varchar(255), paginas integer not null, titulo varchar(255), primary key (id))
Hibernate: create table libro_autor (libro_id bigint not null, autor_id bigint not null)
Hibernate: create table localidad (id bigint generated by default as identity, denominacion varchar(255), primary key (id))
Hibernate: create table persona (id bigint generated by default as identity, apellido varchar(255), dni integer not null, nombre varchar(255), domicilio_id bigint, primary key (id))
Hibernate: create table persona_libros (persona_id bigint not null, libros_id bigint not null)
Hibernate: alter table if exists persona drop constraint if exists UK_k2cp7qbfi780x0x5x0y42pnj6
Hibernate: alter table if exists persona add constraint UK_k2cp7qbfi780x0x5x0y42pnj6 unique (domicilio_id)
Hibernate: alter table if exists persona_libros drop constraint if exists UK_bnofo26jpi7wmm5wctchfg68p
Hibernate: alter table if exists persona_libros add constraint UK_bnofo26jpi7wmm5wctchfg68p unique (libros_id)
Hibernate: alter table if exists domicilio add constraint FK8t63gx4v022qapv45vdwld71j foreign key (localidad_id) references localidad
Hibernate: alter table if exists libro_autor add constraint FKjf2fhkw7ta2mvhhiugwd6k2tn foreign key (autor_id) references autor
Hibernate: alter table if exists libro_autor add constraint FKk7238iexfym9eoh3s1uof6a1s foreign key (libro_id) references libro
Hibernate: alter table if exists persona add constraint FKn3vkpx4b7w8srg10ohh1upive foreign key (domicilio_id) references domicilio
Hibernate: alter table if exists persona_libros add constraint FK7tlcbbv5ngc9d3pq6y7qevu3b foreign key (libros_id) references libro
Hibernate: alter table if exists persona_libros add constraint FKdqdk61jgooveprvisgv6nxanf foreign key (persona_id) references persona
2023-10-04T17:33:47.372-03:00  INFO 12004 --- [    Test worker] j.LocalContainerEntityManagerFactoryBean : Initialized JPA EntityManagerFactory for persistence unit 'default'
2023-10-04T17:33:48.137-03:00  WARN 12004 --- [    Test worker] JpaBaseConfiguration$JpaWebConfiguration : spring.jpa.open-in-view is enabled by default. Therefore, database queries may be performed during view rendering. Explicitly configure spring.jpa.open-in-view to disable this warning
2023-10-04T17:33:48.517-03:00  INFO 12004 --- [    Test worker] o.s.b.a.h2.H2ConsoleAutoConfiguration    : H2 console available at '/h2-console'. Database available at 'jdbc:h2:mem:./facudb'
2023-10-04T17:33:48.572-03:00  INFO 12004 --- [    Test worker] com.facu.restfake.MayaFakeApiTests       : Started MayaFakeApiTests in 4.264 seconds (process running for 5.457)
]]></system-out>
  <system-err><![CDATA[]]></system-err>
</testsuite>
